CLIENT_HANDSHAKE_TRAFFIC_SECRET cabfa6e89392b079feabcffda08ed3663b9fb032e09554da1aaecf5438a3a5c2 d32fab9810a0afcf8e3c903ccda624e5b908424bd17e45889c09e4f133dba221
SERVER_HANDSHAKE_TRAFFIC_SECRET cabfa6e89392b079feabcffda08ed3663b9fb032e09554da1aaecf5438a3a5c2 ce7ebf39716dd434cec4fb4223cd7a1ce9bb9897e78380baab05453f1ca60e9f
CLIENT_HANDSHAKE_TRAFFIC_SECRET c909a226dee5a502a3a90d6371be268ebfc87e0077835841f3214b2d5b9294e8 d86ce66c1b93cb4c09a5b33ea4f672dfd7235ccbfbfce67f08d4e68920b4ea94
SERVER_HANDSHAKE_TRAFFIC_SECRET c909a226dee5a502a3a90d6371be268ebfc87e0077835841f3214b2d5b9294e8 3e64b6620fb7e9c4d6d59f69595158016ec4757ac199fe006992c6bc1432a83b
CLIENT_TRAFFIC_SECRET_0 c909a226dee5a502a3a90d6371be268ebfc87e0077835841f3214b2d5b9294e8 21063e4dccfde20cefcec4c18e9b13d17109379ef7509197c0e7d9f5cb50fa72
SERVER_TRAFFIC_SECRET_0 c909a226dee5a502a3a90d6371be268ebfc87e0077835841f3214b2d5b9294e8 702c421dd1312967ba718758276cdda6ee5b4fa628eab22b9c970b0f0c6fca14
EXPORTER_SECRET c909a226dee5a502a3a90d6371be268ebfc87e0077835841f3214b2d5b9294e8 a6a20131408c6602e2cf4d36e9b1f47a33f7999bba3d84143ad3e8ab66e3364c
CLIENT_HANDSHAKE_TRAFFIC_SECRET 038b5a1984719248e4cd76d99bc8a9d4ba15fa8f45bd2ab5cb53f92a44fc2a11 a17349963c7a045b62f5141815c5f5fd37c4d267faaf05e6435dda3b7abaf9f0
SERVER_HANDSHAKE_TRAFFIC_SECRET 038b5a1984719248e4cd76d99bc8a9d4ba15fa8f45bd2ab5cb53f92a44fc2a11 5bc1fdc9b6d0dad668723ed738a963dc35f832330d05e918142e5db1231fe2f4
CLIENT_TRAFFIC_SECRET_0 cabfa6e89392b079feabcffda08ed3663b9fb032e09554da1aaecf5438a3a5c2 8869608e202080c8f272834e4beceb735fff11c3d7303d5043bc3f799a1f63bf
SERVER_TRAFFIC_SECRET_0 cabfa6e89392b079feabcffda08ed3663b9fb032e09554da1aaecf5438a3a5c2 9c74fd996142982a88a136a3d302ab3a4a2d64a195eca25e9db4188566b7879a
EXPORTER_SECRET cabfa6e89392b079feabcffda08ed3663b9fb032e09554da1aaecf5438a3a5c2 7a6a06fa2011e57893b74e7e12d44c03226c42d6381f4c6d0ab7872a037d7906
CLIENT_TRAFFIC_SECRET_0 038b5a1984719248e4cd76d99bc8a9d4ba15fa8f45bd2ab5cb53f92a44fc2a11 9fae9b50f194316dfae134454ce49cde5466692f1793f7a93931447a09f8f43c
SERVER_TRAFFIC_SECRET_0 038b5a1984719248e4cd76d99bc8a9d4ba15fa8f45bd2ab5cb53f92a44fc2a11 87e0046177f5afe930399c05d01f04ee1cb122afe1e702fa59e8f21ac38cd7d3
EXPORTER_SECRET 038b5a1984719248e4cd76d99bc8a9d4ba15fa8f45bd2ab5cb53f92a44fc2a11 8c1fdd7c4176af52cd9ce0fdf8cb58a968bdc03387e53cd46d8fef63e24459bf
CLIENT_HANDSHAKE_TRAFFIC_SECRET a04f24db2101e3d7f788b6a200b640f4be89b7788f487007e5eca5389fec17f4 b2b0237d1425c1c23001b3b94f7a3d8597868f7cdc3b37d090bb08e924a6765c
SERVER_HANDSHAKE_TRAFFIC_SECRET a04f24db2101e3d7f788b6a200b640f4be89b7788f487007e5eca5389fec17f4 98a54e6e227a2d77b0851d40510ce3a31e2df70cdb123212e09af81ed9adfafc
CLIENT_TRAFFIC_SECRET_0 a04f24db2101e3d7f788b6a200b640f4be89b7788f487007e5eca5389fec17f4 e49cd6d37f04e22da6cf676d6c549645b9360a22ce3de3ad41aa05422c9c5bbb
SERVER_TRAFFIC_SECRET_0 a04f24db2101e3d7f788b6a200b640f4be89b7788f487007e5eca5389fec17f4 162cb4d8cc192aa5d7d09ff7240bcc03fe8970429bf9c07aca31c91126785dfb
EXPORTER_SECRET a04f24db2101e3d7f788b6a200b640f4be89b7788f487007e5eca5389fec17f4 205ccc44c0f6b0e5df583043b16334a4fee69cbe64f9189d5052d0dff247506c
CLIENT_HANDSHAKE_TRAFFIC_SECRET e390e74f5972f134a4634eb85dada5557fe2a2e42b9a9250afaa0e9324b6ff3e 7439e6c46702adaf71942334ccba30c0e06fc7e43de5ddad7274f66f4e29d3d6
SERVER_HANDSHAKE_TRAFFIC_SECRET e390e74f5972f134a4634eb85dada5557fe2a2e42b9a9250afaa0e9324b6ff3e b3dd3c0ebcbdb6f9783ac1c2497e396e3cfb24861d46a23b2b4af49ad138c54b
CLIENT_TRAFFIC_SECRET_0 e390e74f5972f134a4634eb85dada5557fe2a2e42b9a9250afaa0e9324b6ff3e a9deda42498af5514b937e58479d5f7ce438807656a4f31e0dc2ec10f0852ba3
SERVER_TRAFFIC_SECRET_0 e390e74f5972f134a4634eb85dada5557fe2a2e42b9a9250afaa0e9324b6ff3e c19603bcfa47bd8189bc810ddeae28e914db4a56904e56af17bc967fc0b6c51c
EXPORTER_SECRET e390e74f5972f134a4634eb85dada5557fe2a2e42b9a9250afaa0e9324b6ff3e 0dbc432e3bd8f3c08010fc4dc583014c9dece3c56b563a9f687498eb54cf8423
CLIENT_HANDSHAKE_TRAFFIC_SECRET ac99bea58a421f6c0daf1b068c7aba7219d2103567a19dd6c94b4ea672b44f0c bb969cb1b00c0bfddfef96d8f4e92b4d6585dc5b40a2765f488ff6432133ba25
SERVER_HANDSHAKE_TRAFFIC_SECRET ac99bea58a421f6c0daf1b068c7aba7219d2103567a19dd6c94b4ea672b44f0c 53da760b17b0ed7e088c0e380372905741295258334c24860e637737d8e1777f
CLIENT_TRAFFIC_SECRET_0 ac99bea58a421f6c0daf1b068c7aba7219d2103567a19dd6c94b4ea672b44f0c 86d48a7e87e3aff50be1ab6fc9276b1a790fa338d0cef3c8a8a5ade714046391
SERVER_TRAFFIC_SECRET_0 ac99bea58a421f6c0daf1b068c7aba7219d2103567a19dd6c94b4ea672b44f0c 5a874ea38ba452fd3c978706f64aa4cbe76c8e3b81849e53577172c883a9cb9b
EXPORTER_SECRET ac99bea58a421f6c0daf1b068c7aba7219d2103567a19dd6c94b4ea672b44f0c 024fece8503d54af3d4ed6e1c1720fac638d5bd0533f090e8acb2c78e9e5c965
CLIENT_HANDSHAKE_TRAFFIC_SECRET eed319894c577b71d8458f32709c007119100c8c08fd7666111d84e08e44324e cd32d5a8764d0c26a37f7067fe7bde446bd8e8b0e150ce2ad16f309976cb0b93
SERVER_HANDSHAKE_TRAFFIC_SECRET eed319894c577b71d8458f32709c007119100c8c08fd7666111d84e08e44324e 615b77d79dbe1441a169b3a248ee7d0e2da8be9b9b9b65ccf5b5ef2b5816667b
CLIENT_TRAFFIC_SECRET_0 eed319894c577b71d8458f32709c007119100c8c08fd7666111d84e08e44324e 3b30c5e1958d30684c084dc96eb92a4a2d9efafb3b0b466bba44ebfcf41819bf
SERVER_TRAFFIC_SECRET_0 eed319894c577b71d8458f32709c007119100c8c08fd7666111d84e08e44324e 74d0a441855b88a0b4a3c7767ff091d7185b17514d5ee6bf7ad52f136fee16d8
EXPORTER_SECRET eed319894c577b71d8458f32709c007119100c8c08fd7666111d84e08e44324e 0330f72664ba83e7c4fa4db5ec9ede41eecbc137e29efc1d68ae6b2d01ddf2a9
CLIENT_HANDSHAKE_TRAFFIC_SECRET af534ed6ee7bdf29923e88484b93a18c7fc8063c927122b543d7cace6321999d 7dff989cc557038c507ba20c46f9be20611f56957625057a0efe4b6eea0f8fb9
SERVER_HANDSHAKE_TRAFFIC_SECRET af534ed6ee7bdf29923e88484b93a18c7fc8063c927122b543d7cace6321999d e33539e9d4fa1e40bb258b7338fa43d3063165a6fc18f8c2681e547d4fac2f86
CLIENT_TRAFFIC_SECRET_0 af534ed6ee7bdf29923e88484b93a18c7fc8063c927122b543d7cace6321999d 2b38ceb4a3d231ead437e094705290fe65df996de7efdd660f2d2f1abd9d7d9d
SERVER_TRAFFIC_SECRET_0 af534ed6ee7bdf29923e88484b93a18c7fc8063c927122b543d7cace6321999d 88955ca740d0d024d19ed4e09ac30d3902b5284708d3a37ef85669bcd073a8d6
EXPORTER_SECRET af534ed6ee7bdf29923e88484b93a18c7fc8063c927122b543d7cace6321999d c6e5228ce7dd39afda58882e59de3b1f9ab2016796fecd209c2f82338adcef6b
CLIENT_HANDSHAKE_TRAFFIC_SECRET afcc574663c45c0e083046f319e89f3c536fb60fc16b4f28e5222ddfdc3b89d3 cd5578ceeff4373199b0a14b53b7f748d262fb4557248d9b4df84454891b2945
SERVER_HANDSHAKE_TRAFFIC_SECRET afcc574663c45c0e083046f319e89f3c536fb60fc16b4f28e5222ddfdc3b89d3 af7e673e5cc0aae1f281769e48820d879b54e25680f890fc6b53908a49d684b3
CLIENT_TRAFFIC_SECRET_0 afcc574663c45c0e083046f319e89f3c536fb60fc16b4f28e5222ddfdc3b89d3 3e40cd1337a579611e766541212e3256242cc47147ff72ad5d690d44fa3e715d
SERVER_TRAFFIC_SECRET_0 afcc574663c45c0e083046f319e89f3c536fb60fc16b4f28e5222ddfdc3b89d3 9464088ba637a26dc7c33e0f7e2e9641aaf9489c17ed5dc2a59a2d3b4eead1c6
EXPORTER_SECRET afcc574663c45c0e083046f319e89f3c536fb60fc16b4f28e5222ddfdc3b89d3 4c3efac4519e9a735ae896b2159e86416deb7e6d31f91c081b3fe7cae32a9499
CLIENT_EARLY_TRAFFIC_SECRET 29c8be882388825436038465d289af567fa072b37ad0f30cda0286d2c89f0eda ceb3385b2a7c4ea73fc78ccc3464c37012b5a25927d4ad8ecdaf182e0adc9636
CLIENT_HANDSHAKE_TRAFFIC_SECRET 29c8be882388825436038465d289af567fa072b37ad0f30cda0286d2c89f0eda 286ef22fe743ac85085babbf13b68dc41ad3270ca89951eabe3a965edb93f89e
SERVER_HANDSHAKE_TRAFFIC_SECRET 29c8be882388825436038465d289af567fa072b37ad0f30cda0286d2c89f0eda 18077ce4d8d184062870f87c587b4560e2499abf49b1557a030efca913e6b015
CLIENT_TRAFFIC_SECRET_0 29c8be882388825436038465d289af567fa072b37ad0f30cda0286d2c89f0eda c89a8c2983ed6356213d125def442f3de592a61ebacbfd852203ee8089618e36
SERVER_TRAFFIC_SECRET_0 29c8be882388825436038465d289af567fa072b37ad0f30cda0286d2c89f0eda 7e17eb87bb76b2bcf798239b6a0c07b744a015c7408c17debdc2bb3cb35efeea
EXPORTER_SECRET 29c8be882388825436038465d289af567fa072b37ad0f30cda0286d2c89f0eda 6e34610ac22ab5082b71db4a76c5002d9d00669672e36ade0adb034e439df6d5
CLIENT_HANDSHAKE_TRAFFIC_SECRET b971ce952d227f8b6db8fe8dd87cffa09e1824d546b636c00751d7eb7649b711 b6dbd78f4dff98ea3ccfbd3496eb0efa5230ee25d422d5ca4c538226ef05dd1d
SERVER_HANDSHAKE_TRAFFIC_SECRET b971ce952d227f8b6db8fe8dd87cffa09e1824d546b636c00751d7eb7649b711 6c296b7e0b509b38369d1d1e766c8c084dad853938f1f246bff1959005b69f74
CLIENT_TRAFFIC_SECRET_0 b971ce952d227f8b6db8fe8dd87cffa09e1824d546b636c00751d7eb7649b711 792a8706a6f39f87abe85ef5186080d5795d4a69054abc8d4d2cec88ee797157
SERVER_TRAFFIC_SECRET_0 b971ce952d227f8b6db8fe8dd87cffa09e1824d546b636c00751d7eb7649b711 58436f47e869d43fe76995ec92c6ccc73b66a1c5f196fd10f2dbd355079d0e43
EXPORTER_SECRET b971ce952d227f8b6db8fe8dd87cffa09e1824d546b636c00751d7eb7649b711 97ac5973081d418a0c8918e43be0f9663ffc2ab6ce7a9af74e79446f2574a688
CLIENT_HANDSHAKE_TRAFFIC_SECRET e65a84e161ce06dbc4fa70f3c8af614aed70f37fd800b4fbf4557ebf441bf49e de09bd89878f28baf272e8111b6261bd060bb1144cb34b73f45a3f64c6c4d993
SERVER_HANDSHAKE_TRAFFIC_SECRET e65a84e161ce06dbc4fa70f3c8af614aed70f37fd800b4fbf4557ebf441bf49e 21d73ebe0a03fc1e51312b26127e6a0edf8ad5b16beed275079fb885e1b7e491
CLIENT_TRAFFIC_SECRET_0 e65a84e161ce06dbc4fa70f3c8af614aed70f37fd800b4fbf4557ebf441bf49e 2fd6961967ef6540460d13f3c7b15cfc1e2e030434e1378462923c9c9c4195af
SERVER_TRAFFIC_SECRET_0 e65a84e161ce06dbc4fa70f3c8af614aed70f37fd800b4fbf4557ebf441bf49e 34604d1d9135c58ace7c47a34545a83158ca617a554cdace25410c163741da92
EXPORTER_SECRET e65a84e161ce06dbc4fa70f3c8af614aed70f37fd800b4fbf4557ebf441bf49e 6748ef5dfd13f0ec81744aa35046252304010cb657d41ea05598f10454f96ff3
CLIENT_HANDSHAKE_TRAFFIC_SECRET 05068a913cf726a695d1ffb08cacdff443094293114ca00370a2971c605f0028 f9c6ea7f5bc37b645a06cd36889059cfe0cc336cd9ecf7766cbe51989cd89e56
SERVER_HANDSHAKE_TRAFFIC_SECRET 05068a913cf726a695d1ffb08cacdff443094293114ca00370a2971c605f0028 1bc06ed06ce846589612dc6ac50a33c2abb2b30616eb09c127de122ac73a079e
CLIENT_TRAFFIC_SECRET_0 05068a913cf726a695d1ffb08cacdff443094293114ca00370a2971c605f0028 6f009907946a81c6a0181517c8f74c4e13a8d1c85d111ef213e5070f340e5830
SERVER_TRAFFIC_SECRET_0 05068a913cf726a695d1ffb08cacdff443094293114ca00370a2971c605f0028 a0eadf3cae9292fba56d910a5f30b0d8cd71eaeee34201f220f35858ec9a2816
EXPORTER_SECRET 05068a913cf726a695d1ffb08cacdff443094293114ca00370a2971c605f0028 391648d222c7684e845300f6bcf2b70f1114954ef66955b2deedac1c4cc9edc9
CLIENT_HANDSHAKE_TRAFFIC_SECRET b1c994e4c9f225be7ac6bf1f5f04d51487d1645f7d4cb452c775cd19ea3ada76 79b50adbd27f83eddb7b5359aad8d764182bb9ab5353d3e17df9ae1304fc8c9d
SERVER_HANDSHAKE_TRAFFIC_SECRET b1c994e4c9f225be7ac6bf1f5f04d51487d1645f7d4cb452c775cd19ea3ada76 20acb8cce197bf9273026edf282e28de5c7e04e148e389ef2a278d0ab995a922
CLIENT_TRAFFIC_SECRET_0 b1c994e4c9f225be7ac6bf1f5f04d51487d1645f7d4cb452c775cd19ea3ada76 b9886343c4592237a21bd17c2c1a4d69fd3a09a2e2afb3dc0ae983613d3c815d
SERVER_TRAFFIC_SECRET_0 b1c994e4c9f225be7ac6bf1f5f04d51487d1645f7d4cb452c775cd19ea3ada76 059768132b58e51448494316fc120e14160f60fa5536f489dc1c7dc15045f2be
EXPORTER_SECRET b1c994e4c9f225be7ac6bf1f5f04d51487d1645f7d4cb452c775cd19ea3ada76 c5b1bcf092023ad1306076b76aec9264fa24022ef44b0df53fa40f3a2a66a1b8
CLIENT_HANDSHAKE_TRAFFIC_SECRET 9221b25224608e1eb0f4a68be6f0a7351760b11df83b124517ec2257fd715fb3 766473fb641ad0eeb5df67710b5266474fa33d7ae67dadf07b3b45bfaab88141
SERVER_HANDSHAKE_TRAFFIC_SECRET 9221b25224608e1eb0f4a68be6f0a7351760b11df83b124517ec2257fd715fb3 509d66db345d633ebe0239bcedb034ceef1380ff4862179901c69b4a8e8d9abe
CLIENT_TRAFFIC_SECRET_0 9221b25224608e1eb0f4a68be6f0a7351760b11df83b124517ec2257fd715fb3 febad1ce1ca7dcdcb90fc721bb5357b8d760686a45187aa187a06a2acfbe9db9
SERVER_TRAFFIC_SECRET_0 9221b25224608e1eb0f4a68be6f0a7351760b11df83b124517ec2257fd715fb3 dbbdb9a8c5dd4a6d5b5baae093e14470eb3e8109a64ab4339947b20decb1ba21
EXPORTER_SECRET 9221b25224608e1eb0f4a68be6f0a7351760b11df83b124517ec2257fd715fb3 80566f77f05a9886f5a708f28f39d753bf8347318d72649639dddf6bc9afb557
CLIENT_HANDSHAKE_TRAFFIC_SECRET e6e7b42a908157aaaae851276592e4bb4c0292c76a8964ac7f9b6a9f1dea3b94 096433f25c4b1af6be98c8de4c58a50eb6b203af0007d3dc65023431fdb418e6
SERVER_HANDSHAKE_TRAFFIC_SECRET e6e7b42a908157aaaae851276592e4bb4c0292c76a8964ac7f9b6a9f1dea3b94 c60d83b1d3c6d34700a72a8152405a4fd20326434f1959f1a4e39638b0584321
CLIENT_TRAFFIC_SECRET_0 e6e7b42a908157aaaae851276592e4bb4c0292c76a8964ac7f9b6a9f1dea3b94 187af908f76c8db5604c20f87fa422cdbf868b3daa61b3195b3959b11a9bbac2
SERVER_TRAFFIC_SECRET_0 e6e7b42a908157aaaae851276592e4bb4c0292c76a8964ac7f9b6a9f1dea3b94 7df8c7f42b9a49a04cc94143b06475a8dda1e03f7b5e761bbcf9fb5090c7d3d1
EXPORTER_SECRET e6e7b42a908157aaaae851276592e4bb4c0292c76a8964ac7f9b6a9f1dea3b94 48d7f09be9cf8d4a732e31987c5fb14088dcc7254c7d40a534215339ce88706a
CLIENT_EARLY_TRAFFIC_SECRET 99f992bd0d910e4e581b5d1a93e0e08ae02ecc1d00d2cf10e670a53d48bf1003 a1d58dc12f3919cd38a8dd79bb74f470ec7b4ae6446609052e0b98244d6478c2
CLIENT_HANDSHAKE_TRAFFIC_SECRET 99f992bd0d910e4e581b5d1a93e0e08ae02ecc1d00d2cf10e670a53d48bf1003 eb35240334ae10fe9ad0e9fde8bd3810ec5843d263c2e00060b07723bbc6603a
SERVER_HANDSHAKE_TRAFFIC_SECRET 99f992bd0d910e4e581b5d1a93e0e08ae02ecc1d00d2cf10e670a53d48bf1003 9305bec4778aa89254b9b961f06f1965284f4ac6b79774b577d900ff21cd1453
CLIENT_TRAFFIC_SECRET_0 99f992bd0d910e4e581b5d1a93e0e08ae02ecc1d00d2cf10e670a53d48bf1003 c5ff891e138721ab30d7ac0824bc2177f43c2dd33872d95d3529627cb3f8e697
SERVER_TRAFFIC_SECRET_0 99f992bd0d910e4e581b5d1a93e0e08ae02ecc1d00d2cf10e670a53d48bf1003 28eb5a90c8516b2da05ff7288e923bea2c61022e82cbede4c3522c080450d6d8
EXPORTER_SECRET 99f992bd0d910e4e581b5d1a93e0e08ae02ecc1d00d2cf10e670a53d48bf1003 ec4414ef75bea4642fa20b3921a275be42acb495b59276a5c166fa583b13a5c7
CLIENT_EARLY_TRAFFIC_SECRET de8c716ba0236cf7f5d01508bb447a99c2908046e1b1ea64bf0273a1ff95c1a8 867659f423bc90f6de76535dc348f7a930a7db33ebe58874591111fa120f260b
CLIENT_HANDSHAKE_TRAFFIC_SECRET de8c716ba0236cf7f5d01508bb447a99c2908046e1b1ea64bf0273a1ff95c1a8 8e0a0a154655f73d019ad7ba98c92b224e1bcf3d98c52065ef69305d6e1bdf71
SERVER_HANDSHAKE_TRAFFIC_SECRET de8c716ba0236cf7f5d01508bb447a99c2908046e1b1ea64bf0273a1ff95c1a8 4826116eaab258c285b10f95d7735820a09fa7c9e5b52d6820ff0daefdbc29d7
CLIENT_TRAFFIC_SECRET_0 de8c716ba0236cf7f5d01508bb447a99c2908046e1b1ea64bf0273a1ff95c1a8 c724dae120e4e964eacb32c678d66526b508deffb3d689e412409f675a01b0a2
SERVER_TRAFFIC_SECRET_0 de8c716ba0236cf7f5d01508bb447a99c2908046e1b1ea64bf0273a1ff95c1a8 8ca11795556ff0a9319df7c32241501a36638cc9022a98d67dffcafe5c43c326
EXPORTER_SECRET de8c716ba0236cf7f5d01508bb447a99c2908046e1b1ea64bf0273a1ff95c1a8 29c2486f97bb4f0284a87f9bef3d1099b08285762de9c4dd86dddeb0ed3abed6
CLIENT_EARLY_TRAFFIC_SECRET fd6c0cce353fc55c6356f041f0e940d04b1b0274953eca56b6d548ccafbffd5d 22ea82ca9661452917039c25a73f5fb229d0f703ac24a52571a60d530b7434ce
CLIENT_HANDSHAKE_TRAFFIC_SECRET fd6c0cce353fc55c6356f041f0e940d04b1b0274953eca56b6d548ccafbffd5d 59183c2dc0647581180eba14effdd5a1f86e8e7ab2794a0a406fa0cf54a68e39
SERVER_HANDSHAKE_TRAFFIC_SECRET fd6c0cce353fc55c6356f041f0e940d04b1b0274953eca56b6d548ccafbffd5d 31b813116f1e987c019cf4b9b1e1c5ea3db04ae57a28dcfbd939208a3004fe22
CLIENT_TRAFFIC_SECRET_0 fd6c0cce353fc55c6356f041f0e940d04b1b0274953eca56b6d548ccafbffd5d a8249e4064050439f354bf57eb619268be08ae2e7e1779e825cda1cd0e7674bd
SERVER_TRAFFIC_SECRET_0 fd6c0cce353fc55c6356f041f0e940d04b1b0274953eca56b6d548ccafbffd5d c74a2a0b566ec4a3c37fed8cd941b970c9a08c8497178ca666f4a41ffc214ebb
EXPORTER_SECRET fd6c0cce353fc55c6356f041f0e940d04b1b0274953eca56b6d548ccafbffd5d c1030dc57999bad717b77f4f8f8fbe92a0ddd49ae55bef72739862a43717b57d
CLIENT_EARLY_TRAFFIC_SECRET cc1436a2d9d654e5206f15a5b0b72241bd2d9ada4f2119fa3070459a7f6b408c c5ec046784bf073b21bd74477ae0723580abc6ed2240b9dccf6dfb50d4bec408
CLIENT_HANDSHAKE_TRAFFIC_SECRET cc1436a2d9d654e5206f15a5b0b72241bd2d9ada4f2119fa3070459a7f6b408c 419df52cd182714643e673fc94ed6d2735dbe84a9452f885ef7a6d5ff21ea6b7
SERVER_HANDSHAKE_TRAFFIC_SECRET cc1436a2d9d654e5206f15a5b0b72241bd2d9ada4f2119fa3070459a7f6b408c af511599ad296928e6eac0ddb4d4de59e8d7749ed1cba40cefffc1a503ce230b
CLIENT_TRAFFIC_SECRET_0 cc1436a2d9d654e5206f15a5b0b72241bd2d9ada4f2119fa3070459a7f6b408c 0ba8b33c724d2d4df71914b25945cef6025383279886739f280f71b5a46e2447
SERVER_TRAFFIC_SECRET_0 cc1436a2d9d654e5206f15a5b0b72241bd2d9ada4f2119fa3070459a7f6b408c 4da9fd4923085174a3f03c68f5e47c0e7d67eb56ec93d2c359e912b803a62cb1
EXPORTER_SECRET cc1436a2d9d654e5206f15a5b0b72241bd2d9ada4f2119fa3070459a7f6b408c 38da2bf18926b6878faf288ebb27ad0957ad7f4efa7f727d27eb3e2b7ea2f7c3
CLIENT_EARLY_TRAFFIC_SECRET 1be730b704bbc75696f520cbfbe08c1c1844a23b2560f79097d7c725d01f7f40 8d9e3e5070d8f847a4c2214491d6b17ea2282e4c589b06e4d076c0892a36ed22
CLIENT_HANDSHAKE_TRAFFIC_SECRET 1be730b704bbc75696f520cbfbe08c1c1844a23b2560f79097d7c725d01f7f40 22937a6e491c5d4647de2260c6cde3488545e8994841f496e96099a0ee70f0e1
SERVER_HANDSHAKE_TRAFFIC_SECRET 1be730b704bbc75696f520cbfbe08c1c1844a23b2560f79097d7c725d01f7f40 e6f0b146c18455d384ce18e2cca19dfce564341efb5781dfb7cac76fd0dcc911
CLIENT_TRAFFIC_SECRET_0 1be730b704bbc75696f520cbfbe08c1c1844a23b2560f79097d7c725d01f7f40 471ae0405e8b20874348127d07c6fbd37f5ced03601fbce8702bae0e21e76c42
SERVER_TRAFFIC_SECRET_0 1be730b704bbc75696f520cbfbe08c1c1844a23b2560f79097d7c725d01f7f40 e6e20090fae4df31a8a70bd6194145bce237581c1f02735319089fc44e7571c9
EXPORTER_SECRET 1be730b704bbc75696f520cbfbe08c1c1844a23b2560f79097d7c725d01f7f40 33710e36cf2259a03bb79c1508f98d6181589cb6a05171bea2f21c84b3e7dfd3
CLIENT_EARLY_TRAFFIC_SECRET 1f64c5c5e8886bbd5f7ae4951c1e8bceef3e0d6fb8508c408e4c48f2451433ff 52ea86a160db2ba85ea7a47c438e0d18467c79c1ce62544dde24b5313ef19103
CLIENT_HANDSHAKE_TRAFFIC_SECRET 1f64c5c5e8886bbd5f7ae4951c1e8bceef3e0d6fb8508c408e4c48f2451433ff 1aa1e69fab34d9fbde470a64845bd03a3343a22c3b39f4251387326290315804
SERVER_HANDSHAKE_TRAFFIC_SECRET 1f64c5c5e8886bbd5f7ae4951c1e8bceef3e0d6fb8508c408e4c48f2451433ff c1b075c478158296bf4bb34f02339335bc8c8af821f63df0133feb0d9845ddd7
CLIENT_TRAFFIC_SECRET_0 1f64c5c5e8886bbd5f7ae4951c1e8bceef3e0d6fb8508c408e4c48f2451433ff e0b1fd74ed01fd0b403e632cb4cb654c7f28ef3f19bd29b1e4a32592d55b936f
SERVER_TRAFFIC_SECRET_0 1f64c5c5e8886bbd5f7ae4951c1e8bceef3e0d6fb8508c408e4c48f2451433ff 18c652ddebef8b7675622dce2d7eed47e595ade2f9fac56688f26945d83b1c68
EXPORTER_SECRET 1f64c5c5e8886bbd5f7ae4951c1e8bceef3e0d6fb8508c408e4c48f2451433ff f084a6b6279a9661899f6f8579f5354189015a3b7328f2ee32557b8641fee5ce
CLIENT_EARLY_TRAFFIC_SECRET bea12e99ade42be52242e48af94739666df8a7ad543d2f4f6fd3780b8413e975 f52252b95dd53a66c264c41d5d172f6f2e5a19876de7489fa6c0d791e4769e3a
CLIENT_HANDSHAKE_TRAFFIC_SECRET bea12e99ade42be52242e48af94739666df8a7ad543d2f4f6fd3780b8413e975 a957e316e60185136e126827ccbc7c3696108eae2d8b4d0facf16a516b9914ce
SERVER_HANDSHAKE_TRAFFIC_SECRET bea12e99ade42be52242e48af94739666df8a7ad543d2f4f6fd3780b8413e975 90d9d0e614b5875cd0a14d4708a30794c3304c85d143581b9238f2430ab9440c
CLIENT_TRAFFIC_SECRET_0 bea12e99ade42be52242e48af94739666df8a7ad543d2f4f6fd3780b8413e975 004ecfd303b10e9db80c5e8cd5be72d5f29d39bf36375806c921a8512d68ab9d
SERVER_TRAFFIC_SECRET_0 bea12e99ade42be52242e48af94739666df8a7ad543d2f4f6fd3780b8413e975 af701127dd00e49110e2200dece6eed6c1ddbe95a562534de80710fcc74514d0
EXPORTER_SECRET bea12e99ade42be52242e48af94739666df8a7ad543d2f4f6fd3780b8413e975 be9c4333da8b7e195d617c8be9c12f8e7668af95968b9fa9081743f224d72d72
CLIENT_EARLY_TRAFFIC_SECRET d967db250b3b1f3219500359519c40e4576baf5e1d13e62c3fb1e2ba2adf952b 2502eac7004a9865f693ea818a20f266232ad2a4cac2bfb279823b76c9a4aa8d
CLIENT_HANDSHAKE_TRAFFIC_SECRET d967db250b3b1f3219500359519c40e4576baf5e1d13e62c3fb1e2ba2adf952b e6bc077879d9503585f32ba1f7031b34cba035b628d43e2204afc2fcade4187c
SERVER_HANDSHAKE_TRAFFIC_SECRET d967db250b3b1f3219500359519c40e4576baf5e1d13e62c3fb1e2ba2adf952b c58660e959cfa504573f3531bd9f8555b7bc5c13eef378fd3f2080c39928a9a2
CLIENT_TRAFFIC_SECRET_0 d967db250b3b1f3219500359519c40e4576baf5e1d13e62c3fb1e2ba2adf952b a9170812569fffb80d476214c8124f7f8da215eef8ce277553143cddf46ad704
SERVER_TRAFFIC_SECRET_0 d967db250b3b1f3219500359519c40e4576baf5e1d13e62c3fb1e2ba2adf952b abefba40f58f142ae3092f55fe336a97f9df268974ad613b0e57a4ad439daa29
EXPORTER_SECRET d967db250b3b1f3219500359519c40e4576baf5e1d13e62c3fb1e2ba2adf952b 0ed555708254829f71b02f066dbd619cda87390a17287ad15f80835e84d46b37
CLIENT_EARLY_TRAFFIC_SECRET de2a8abf23d60730b52b1e309504b92bed89535e8cc17f9c9d14bf8f8a44c7ce b441f252271bc9d313170cb4c6d14756d9d24cf4df23c50d35eb7b829cc019e1
CLIENT_HANDSHAKE_TRAFFIC_SECRET de2a8abf23d60730b52b1e309504b92bed89535e8cc17f9c9d14bf8f8a44c7ce 4c3e488550bc04d698eba01abe2ed5ab577ff12c6f1394a9ecdf32397da33723
SERVER_HANDSHAKE_TRAFFIC_SECRET de2a8abf23d60730b52b1e309504b92bed89535e8cc17f9c9d14bf8f8a44c7ce 5c42b5d0bcfdf0559251ae67b33c125f88d9070ccd34d8e3bd35cf61fbe52cf1
CLIENT_TRAFFIC_SECRET_0 de2a8abf23d60730b52b1e309504b92bed89535e8cc17f9c9d14bf8f8a44c7ce 2c1b5a5bd81eba2656927b577f50ca9870a67483a02b7c8727b3130944a04a56
SERVER_TRAFFIC_SECRET_0 de2a8abf23d60730b52b1e309504b92bed89535e8cc17f9c9d14bf8f8a44c7ce 808c3eafcf106de19f7aa4fbd5aab6c138ee98351f98b11168ef8621f418aeb9
EXPORTER_SECRET de2a8abf23d60730b52b1e309504b92bed89535e8cc17f9c9d14bf8f8a44c7ce 74727616048ea855080d0215bee9242bd8768cba4f5f730739d8e03eeddfabcc
CLIENT_HANDSHAKE_TRAFFIC_SECRET 27d57d76ad7cfbf8ca57fc6848c9234f213761acf9ca5f140fedbe8977855594 a5f032287369e78850b87c0e80e0b47ff4d73919cd0b8c8cf579dee94aadaa5b
SERVER_HANDSHAKE_TRAFFIC_SECRET 27d57d76ad7cfbf8ca57fc6848c9234f213761acf9ca5f140fedbe8977855594 63fd2b02f91a15ed8f79684c66ef158d3b8f72d453a52f1f1e210654a068b3f1
CLIENT_HANDSHAKE_TRAFFIC_SECRET 252f03f1616f9803951a1870798c242d2448f934cee79fac33c4983130ab06d0 7ce3d67fca09fc26247a904786c2c4626c8b55a7fc73fdf47fc5744c5d729634
SERVER_HANDSHAKE_TRAFFIC_SECRET 252f03f1616f9803951a1870798c242d2448f934cee79fac33c4983130ab06d0 f154de72a275aa1b3d93b3e848fb739653f03876fb375a5ce21e92692c540ad1
CLIENT_EARLY_TRAFFIC_SECRET d1beb6d1c4047fddd7c5f6aec6ad3cbb7d285afcfa3872e54b99677bb919a58c dcc649264ca76a6f4a335a0a324c73060dc195b56aa643de63b2d9deeab3626b
CLIENT_HANDSHAKE_TRAFFIC_SECRET d1beb6d1c4047fddd7c5f6aec6ad3cbb7d285afcfa3872e54b99677bb919a58c 4f6d9f92df48c6b732e9ae7465a618fdac0f4e9798bb9db279f850b1e2aa6d02
SERVER_HANDSHAKE_TRAFFIC_SECRET d1beb6d1c4047fddd7c5f6aec6ad3cbb7d285afcfa3872e54b99677bb919a58c 6db5011a71ae1a680d2af72deb127bc583c8d60e854c602c5bb22141acf2044c
CLIENT_TRAFFIC_SECRET_0 27d57d76ad7cfbf8ca57fc6848c9234f213761acf9ca5f140fedbe8977855594 45decef1bd62e10ac91657d5d5ae3e4046e6a9eb42f3cc8c47e57df7edb5dabc
SERVER_TRAFFIC_SECRET_0 27d57d76ad7cfbf8ca57fc6848c9234f213761acf9ca5f140fedbe8977855594 ddc86b9a68c0a623d88f691d8f1e881f58debcbc345e910974b37837339d765b
EXPORTER_SECRET 27d57d76ad7cfbf8ca57fc6848c9234f213761acf9ca5f140fedbe8977855594 9d3786be1566f1b20611c49205c356e51740c60394aa09aa4a05e3b7c37e07c1
CLIENT_TRAFFIC_SECRET_0 252f03f1616f9803951a1870798c242d2448f934cee79fac33c4983130ab06d0 555ab1b48c5a238160ed90ccd471f0c10cb1b8f39f80f032191e1fae6351c62f
SERVER_TRAFFIC_SECRET_0 252f03f1616f9803951a1870798c242d2448f934cee79fac33c4983130ab06d0 150ef9d3e493697fec4205b171894d34e369587ef9071f71ba33915e6050fc83
EXPORTER_SECRET 252f03f1616f9803951a1870798c242d2448f934cee79fac33c4983130ab06d0 7f2d31194d9e679e60d48d6a89ccdddbd33efbc28d35adae7db34e75b23a7b5d
CLIENT_TRAFFIC_SECRET_0 d1beb6d1c4047fddd7c5f6aec6ad3cbb7d285afcfa3872e54b99677bb919a58c 0e675d6cf7f41453e0d0b3915af48b71bb742b8fe9d3b3b7aee4e4cbd58d0e6f
SERVER_TRAFFIC_SECRET_0 d1beb6d1c4047fddd7c5f6aec6ad3cbb7d285afcfa3872e54b99677bb919a58c 57ab8e882dc5c4189cd3a893ff46f306839c1d0b07ed79fec31c841e6ff4ad35
EXPORTER_SECRET d1beb6d1c4047fddd7c5f6aec6ad3cbb7d285afcfa3872e54b99677bb919a58c 6a82ffa35db7d6c3a26f1dd9e287cb46e432aa09bf4c11a17b76a5e79e1c0800
CLIENT_EARLY_TRAFFIC_SECRET 33c41fa865dbb2f149ff20c8deb67097c1efb94492cdd42fbf89f5bd7c9d55ef 3b1739519116d30bdc10d292da6d7f6467c00ad92f7f36679a79a6eeaacbe06d
CLIENT_HANDSHAKE_TRAFFIC_SECRET 33c41fa865dbb2f149ff20c8deb67097c1efb94492cdd42fbf89f5bd7c9d55ef ea61f22342b33916fbb12eadb62ab3e123fdf0af8f901ec7ae46bb14f4e91f56
SERVER_HANDSHAKE_TRAFFIC_SECRET 33c41fa865dbb2f149ff20c8deb67097c1efb94492cdd42fbf89f5bd7c9d55ef d2242020a5b0a36ce89d0b17f27882c208ba436583ea2a983222b8018ad4b8c5
CLIENT_TRAFFIC_SECRET_0 33c41fa865dbb2f149ff20c8deb67097c1efb94492cdd42fbf89f5bd7c9d55ef 13c42f88e0414226a8e084ca608c6301b34b97086584a16f4874be4ef38dd052
SERVER_TRAFFIC_SECRET_0 33c41fa865dbb2f149ff20c8deb67097c1efb94492cdd42fbf89f5bd7c9d55ef 8d08761c52546536bf3f37a9b566c2d9a5ed8aef24f741eb253d0dcfb8764d01
EXPORTER_SECRET 33c41fa865dbb2f149ff20c8deb67097c1efb94492cdd42fbf89f5bd7c9d55ef e90523b7c40dba6b7da7fd31fa019e1b647ccfd92aa5b5effcf824f51993b6ea
CLIENT_EARLY_TRAFFIC_SECRET 38a5b21422e655a89c0ad232ca686b51f34b3423b21b45c949ebcecf5ce6ea37 06c731d8f1cb649ec04ccfb2fd9db2ae3a0b6a94f13f161d48f90663b3975491
CLIENT_EARLY_TRAFFIC_SECRET 9dac9231ff4602e5c4a7bacec5e6498b843effbb6ca683c11fb84b3cbc3b8ea2 d71bfb8aac3201452cc5d617549180a665107e0efa4086c66686f47a5c060ff7
CLIENT_HANDSHAKE_TRAFFIC_SECRET 9dac9231ff4602e5c4a7bacec5e6498b843effbb6ca683c11fb84b3cbc3b8ea2 48a64ffbe8473329ca51691ea541312c5369d3f29944888a58a62e9355e967e9
SERVER_HANDSHAKE_TRAFFIC_SECRET 9dac9231ff4602e5c4a7bacec5e6498b843effbb6ca683c11fb84b3cbc3b8ea2 d8662449dc971d7db7f1745e78d3475f360812ef3e91103f69c3c3863a37a8f0
CLIENT_TRAFFIC_SECRET_0 9dac9231ff4602e5c4a7bacec5e6498b843effbb6ca683c11fb84b3cbc3b8ea2 4c36473487e1fe610f09f08400ce2725a3e27477d62fd90726a6376a6d3d631f
SERVER_TRAFFIC_SECRET_0 9dac9231ff4602e5c4a7bacec5e6498b843effbb6ca683c11fb84b3cbc3b8ea2 1126d7edca245fe2e2fcc6dd77f00fc121c806bbed48dada909a4596b878c855
EXPORTER_SECRET 9dac9231ff4602e5c4a7bacec5e6498b843effbb6ca683c11fb84b3cbc3b8ea2 9f19d14784f857b8c4a27e91134b8a8e8bdcba445c24b1113017cb68d281156c
CLIENT_HANDSHAKE_TRAFFIC_SECRET 3c1e5f399d08dd2400d2b17a8318e20ef960608b21a4dcc3f17022792b8c24e4 5fb427711c5f139ae09c388a4e29800a6b7d3cbf7033e1ceb33b068f55e7580d
SERVER_HANDSHAKE_TRAFFIC_SECRET 3c1e5f399d08dd2400d2b17a8318e20ef960608b21a4dcc3f17022792b8c24e4 2ea16349f570a3e051cc2570e4f4e4acefa8ef4fc11d49339e160fce12943d5b
CLIENT_TRAFFIC_SECRET_0 3c1e5f399d08dd2400d2b17a8318e20ef960608b21a4dcc3f17022792b8c24e4 b8a979f75a0baeace3b55778f994b7b16c6eaf933ddd8b434846e0b80f330acc
SERVER_TRAFFIC_SECRET_0 3c1e5f399d08dd2400d2b17a8318e20ef960608b21a4dcc3f17022792b8c24e4 9c69abcc076b4a802add00b3ce6dca2d7141bfd5b4948246496d68eba08ca062
EXPORTER_SECRET 3c1e5f399d08dd2400d2b17a8318e20ef960608b21a4dcc3f17022792b8c24e4 9bc3bc7745addf443764ec933f5205563baa1eb942d41cbb899547939d3498dc
CLIENT_HANDSHAKE_TRAFFIC_SECRET ec6280efa240fa8e6b2ffbffd50f12835bca3f2a15c1318b5e603102ee5fdc3b ca3c28c8238da2d8212f76cad0bd74eb9a12e35f65bfc91b1366c19282b43a1c
SERVER_HANDSHAKE_TRAFFIC_SECRET ec6280efa240fa8e6b2ffbffd50f12835bca3f2a15c1318b5e603102ee5fdc3b 079b2f03f340ce6256b9b3e1427e4c15432350b54a8d41c045fd285a25b9b6a5
CLIENT_TRAFFIC_SECRET_0 ec6280efa240fa8e6b2ffbffd50f12835bca3f2a15c1318b5e603102ee5fdc3b 097f86a7bf6958b992d96c3eb14845ded906c2c9605080b63c650c83c8ce2f13
SERVER_TRAFFIC_SECRET_0 ec6280efa240fa8e6b2ffbffd50f12835bca3f2a15c1318b5e603102ee5fdc3b 7241e58395e8f2dd131e819b06ce82b5c7ee1ca9b091ffdf582cb9d61d466e58
EXPORTER_SECRET ec6280efa240fa8e6b2ffbffd50f12835bca3f2a15c1318b5e603102ee5fdc3b 261a3196bc56f629f5e204240b24009d257d6bc5b9463b6569548c1f4faa63fd
CLIENT_EARLY_TRAFFIC_SECRET ce2131aa44f5f59b21ec4b041182ce926816ac5e1847d71becc4639f94d55cba 47ceb29f5661b2eabe88c5702eabb6333a4a13feb57c0b73eec2e638fceaa1c8
CLIENT_HANDSHAKE_TRAFFIC_SECRET ce2131aa44f5f59b21ec4b041182ce926816ac5e1847d71becc4639f94d55cba cbfbdc1abf523b975e24781f17796bc396ca66f9648bb3d8fe24862eccadf6f1
SERVER_HANDSHAKE_TRAFFIC_SECRET ce2131aa44f5f59b21ec4b041182ce926816ac5e1847d71becc4639f94d55cba b4e4ac819a7540a6a9851f036dbbe3d284c07cab162da6dd2b96ed607938306b
CLIENT_TRAFFIC_SECRET_0 ce2131aa44f5f59b21ec4b041182ce926816ac5e1847d71becc4639f94d55cba cc14fca8739373a7aa3f5afae249e3af21c7266397ca0ab55ee458eebbfb9f8f
SERVER_TRAFFIC_SECRET_0 ce2131aa44f5f59b21ec4b041182ce926816ac5e1847d71becc4639f94d55cba 994a78a412554ed80459a18c071879dfe07c7bca86c2110048b74aeac96dc831
EXPORTER_SECRET ce2131aa44f5f59b21ec4b041182ce926816ac5e1847d71becc4639f94d55cba 7478b55247922674f878742a045a54202e14b4df3f2e1073be1d0ed56fa78e8b
CLIENT_EARLY_TRAFFIC_SECRET 776726b5448d44540c4fe77a6f30bc21dd7b9e492ba6abf5d0daf39e2422baa2 486f8d72aa3105862286fd827c17201dfb973e6a715d37c9269fad0c31a2bc64
CLIENT_HANDSHAKE_TRAFFIC_SECRET 776726b5448d44540c4fe77a6f30bc21dd7b9e492ba6abf5d0daf39e2422baa2 c0260a83e7d593bec4fef230ea2699c0871275911d2eb99df908f0ba99cbe290
SERVER_HANDSHAKE_TRAFFIC_SECRET 776726b5448d44540c4fe77a6f30bc21dd7b9e492ba6abf5d0daf39e2422baa2 d0b9d3f22b922b02e6a6ab627f89afaa5c235aeaa2e2e708dfe6ee036f7013b2
CLIENT_TRAFFIC_SECRET_0 776726b5448d44540c4fe77a6f30bc21dd7b9e492ba6abf5d0daf39e2422baa2 037769877bacb25965cd7954f2d4960e71e9735cfbdc72e50c5a2cd42174ce4e
SERVER_TRAFFIC_SECRET_0 776726b5448d44540c4fe77a6f30bc21dd7b9e492ba6abf5d0daf39e2422baa2 5b9e5e7c3d7144a42dea7ab498a692fe6c489385d33d7fecea1473ea27791e9a
EXPORTER_SECRET 776726b5448d44540c4fe77a6f30bc21dd7b9e492ba6abf5d0daf39e2422baa2 4f2f88bdabb195707dfbe800586e7ea71b02f47fb13c6c2454ecc95a55303c6f
CLIENT_EARLY_TRAFFIC_SECRET 60ac04ce3437d2c1e96143ae508065898af121b4c79279d24ab492ac61cc53b7 743d7f98c064c7d507be0f4ddd506191b6cd42f58f9a84573bef406aea822d6b
CLIENT_HANDSHAKE_TRAFFIC_SECRET 60ac04ce3437d2c1e96143ae508065898af121b4c79279d24ab492ac61cc53b7 0ceca30fcf85e1126003ef1e9b75b2a3f27aecdae91d5a037a2189b77d8e92b2
SERVER_HANDSHAKE_TRAFFIC_SECRET 60ac04ce3437d2c1e96143ae508065898af121b4c79279d24ab492ac61cc53b7 a4842ac7493f249cb329a55ac95d74f5d488b95644a3c4007c8c7d1ea3c9fa2d
CLIENT_TRAFFIC_SECRET_0 60ac04ce3437d2c1e96143ae508065898af121b4c79279d24ab492ac61cc53b7 f7d49605dd4f04eebd2ea5ca2c69399a53e8e6c7515e2952d77968b2d4d4485e
SERVER_TRAFFIC_SECRET_0 60ac04ce3437d2c1e96143ae508065898af121b4c79279d24ab492ac61cc53b7 0ee5a90c267368a8b6799fc59bea76cf7ced8b5907a1085b74f7cada14a9a0b4
EXPORTER_SECRET 60ac04ce3437d2c1e96143ae508065898af121b4c79279d24ab492ac61cc53b7 5b479154b8449c1484f7e6d149969e5a44b61eb6595f1e489104afe9bfb8c2c7
CLIENT_EARLY_TRAFFIC_SECRET dd9f294766cabdbad3dc32533d532c0c773fc86855035c6dd19d90a06cff85a6 de9729c6c59ae4e3338121fb0bf3cf2e5c79304c4bf51f80e9baa784c594071e
CLIENT_HANDSHAKE_TRAFFIC_SECRET dd9f294766cabdbad3dc32533d532c0c773fc86855035c6dd19d90a06cff85a6 96b527beea814573586c692eeaade0a3f823069bb3d95fd12c256e31e408815e
SERVER_HANDSHAKE_TRAFFIC_SECRET dd9f294766cabdbad3dc32533d532c0c773fc86855035c6dd19d90a06cff85a6 d48360ee18525048226b8ff97c5defd8cd25adb11a271d554fd0982796bb7196
CLIENT_TRAFFIC_SECRET_0 dd9f294766cabdbad3dc32533d532c0c773fc86855035c6dd19d90a06cff85a6 65041842d2eb11d733fe264517adfc4b8a42caa64d758b298324b72b46a23fe9
SERVER_TRAFFIC_SECRET_0 dd9f294766cabdbad3dc32533d532c0c773fc86855035c6dd19d90a06cff85a6 ae662b62de503a7b5fb6da5634d81ff867239827a7514a09db27e6d5f934681a
EXPORTER_SECRET dd9f294766cabdbad3dc32533d532c0c773fc86855035c6dd19d90a06cff85a6 e9a187be070d89fdc9540be1ae9462ccc59f2244ee0e1c09ff73d8c4b5ac178d
CLIENT_EARLY_TRAFFIC_SECRET f16a25dbb5b458903b6a5043ec306007feb38c58f4bbb603a4fc0a8162486309 2759e2d5e9b279ffd1655ea62b4ec6c0cf029c724d927436e79b7191d2c692d5
CLIENT_HANDSHAKE_TRAFFIC_SECRET f16a25dbb5b458903b6a5043ec306007feb38c58f4bbb603a4fc0a8162486309 671f013b364bc95be9c1810aaf33cd049c12e38fb284fbc42205e511f54fde86
SERVER_HANDSHAKE_TRAFFIC_SECRET f16a25dbb5b458903b6a5043ec306007feb38c58f4bbb603a4fc0a8162486309 ed5f16c625d4864ad95c9273c9a843c3878e8a504a872938f06cbd0b6cca63a9
CLIENT_TRAFFIC_SECRET_0 f16a25dbb5b458903b6a5043ec306007feb38c58f4bbb603a4fc0a8162486309 3e42594e40c11bbeaa17a8fd0c29b3aa176c331f01672dd358b5671050bb798f
SERVER_TRAFFIC_SECRET_0 f16a25dbb5b458903b6a5043ec306007feb38c58f4bbb603a4fc0a8162486309 267563a18d09ec717f5fa832d7048e8a74ffbc14e506ee24ae5d25911ed424b6
EXPORTER_SECRET f16a25dbb5b458903b6a5043ec306007feb38c58f4bbb603a4fc0a8162486309 1e9b69d9d45d408d5f5d9d26811df9a4fd3918948489d65f48f1b15b410b80d7
CLIENT_EARLY_TRAFFIC_SECRET 6b817fe3b59a94b2aa2783d5aa1cb5fe1c3ea54ba7516c4e47cb29d1b5548483 44ae8b4174984a15dd9b72c8cf067e5d9181432cff6c8a3d683a331c33be66c2
CLIENT_HANDSHAKE_TRAFFIC_SECRET 6b817fe3b59a94b2aa2783d5aa1cb5fe1c3ea54ba7516c4e47cb29d1b5548483 7f944a8b63847a209cde0e9181ed6e445363af2cea0d3666b3f45422d94108e1
SERVER_HANDSHAKE_TRAFFIC_SECRET 6b817fe3b59a94b2aa2783d5aa1cb5fe1c3ea54ba7516c4e47cb29d1b5548483 1dee29599c68893353242ba14e264b3b06791d182d448db543df1ef52e86b027
CLIENT_TRAFFIC_SECRET_0 6b817fe3b59a94b2aa2783d5aa1cb5fe1c3ea54ba7516c4e47cb29d1b5548483 98684e94c52639175b9598968be23fdc6e1b42b0c8d68c11f4e3b85996f255fe
SERVER_TRAFFIC_SECRET_0 6b817fe3b59a94b2aa2783d5aa1cb5fe1c3ea54ba7516c4e47cb29d1b5548483 8bb069f350daf3cc6d1d463a385efd75a13a7de28c1693df9313661a72f4bb73
EXPORTER_SECRET 6b817fe3b59a94b2aa2783d5aa1cb5fe1c3ea54ba7516c4e47cb29d1b5548483 f9c2a7502a344cac02dd3881c6544e2881654b067b9313501b9095f48a9ae422
CLIENT_EARLY_TRAFFIC_SECRET 2458c2fcdcabf862be1e37f04c634850db3471afb16ade3fb015cc5f80f972e8 4acb8710a77b551263b2bd3492e7e34b42610d8e73403088f851a5491d05d552
CLIENT_HANDSHAKE_TRAFFIC_SECRET 2458c2fcdcabf862be1e37f04c634850db3471afb16ade3fb015cc5f80f972e8 2ff04c8de7f1141658213899965b0a6044d6e7054029a32195d9be13d853b5cc
SERVER_HANDSHAKE_TRAFFIC_SECRET 2458c2fcdcabf862be1e37f04c634850db3471afb16ade3fb015cc5f80f972e8 a47fb877b669e9d9cd27c8637d1602d9da6fde4063514114a17460926f6fadba
CLIENT_TRAFFIC_SECRET_0 2458c2fcdcabf862be1e37f04c634850db3471afb16ade3fb015cc5f80f972e8 b2a5e6b67b729f80e7b9f9ae01aa6f3c5c12668e1e1096bb6c318e2c8aa34c98
SERVER_TRAFFIC_SECRET_0 2458c2fcdcabf862be1e37f04c634850db3471afb16ade3fb015cc5f80f972e8 c87d89dbdfcfe62c515849ebb109eb3f17a92ef7e55bf3a491271d7211f65d4c
EXPORTER_SECRET 2458c2fcdcabf862be1e37f04c634850db3471afb16ade3fb015cc5f80f972e8 5c3a8ac134c6b83fed4a75dfb1a774ad2edccdf960bc01a2764f62b76d77f276
CLIENT_EARLY_TRAFFIC_SECRET b521efcfe5251572920f1828dac3d573ca2359d0ff4d22328437f5c48e04ae71 5674229cdc65bb39196748eab9e7d864d597a68183d621bf9eef35c1f06f6601
CLIENT_HANDSHAKE_TRAFFIC_SECRET b521efcfe5251572920f1828dac3d573ca2359d0ff4d22328437f5c48e04ae71 ac44b7d8b6cce7c44e816ab42279967cceeed0afc14cec2eb644dfe29fee2b5a
SERVER_HANDSHAKE_TRAFFIC_SECRET b521efcfe5251572920f1828dac3d573ca2359d0ff4d22328437f5c48e04ae71 0dd09039cf0e2a8cc4de64fd71f51b2261ced82c6413d899b0c1f76b59ab0261
CLIENT_TRAFFIC_SECRET_0 b521efcfe5251572920f1828dac3d573ca2359d0ff4d22328437f5c48e04ae71 f19851a5537138cf84120c108ca0f1dac74daf06c369785780fe0b6f5faa67e9
SERVER_TRAFFIC_SECRET_0 b521efcfe5251572920f1828dac3d573ca2359d0ff4d22328437f5c48e04ae71 93fb76129173eb8747dccd70b0b707f5fbc5254e528d643fd439228947c5d0da
EXPORTER_SECRET b521efcfe5251572920f1828dac3d573ca2359d0ff4d22328437f5c48e04ae71 a4a5dc3e47561dccc17c6657c51b6b35338925559a55f5e247b3958b1272dcc9
CLIENT_EARLY_TRAFFIC_SECRET 330aa16ffa5e2be379e674ca4cd38a5139d7c1195070ad2e88d6dc1d22f0b4fa 660a1d22d7bacb0524c25be8f7c66237054ce1a311166243d8aba848027458a0
CLIENT_HANDSHAKE_TRAFFIC_SECRET 330aa16ffa5e2be379e674ca4cd38a5139d7c1195070ad2e88d6dc1d22f0b4fa cfb55c30e32ee9e2147712f40d6b0e00d34e8f056de71d72415211ce3404842d
SERVER_HANDSHAKE_TRAFFIC_SECRET 330aa16ffa5e2be379e674ca4cd38a5139d7c1195070ad2e88d6dc1d22f0b4fa c9f5a4d3bb1760ef1475d5804b514953eff34e23b8ad7f69eba9e1de23c0c1a2
CLIENT_TRAFFIC_SECRET_0 330aa16ffa5e2be379e674ca4cd38a5139d7c1195070ad2e88d6dc1d22f0b4fa e7b6933ab2a5f9b7263835a4d29a105a4cb26df54a5082ac5a49acd2f9e91bde
SERVER_TRAFFIC_SECRET_0 330aa16ffa5e2be379e674ca4cd38a5139d7c1195070ad2e88d6dc1d22f0b4fa cb31fac4b16b60cdf64d4c70dff4117ff9671c298cfb730b6779ab9c0fbac4e3
EXPORTER_SECRET 330aa16ffa5e2be379e674ca4cd38a5139d7c1195070ad2e88d6dc1d22f0b4fa 6b4ef717f7a0da47016f69faee49ca28f286d265a7eeef5c20fb36d055bacaf5
CLIENT_HANDSHAKE_TRAFFIC_SECRET ef506b50e4f326e9db9a2d7b5838d01f85112bcd644136e124d3f8e6478d85d3 4a5f044ef14d25798569486eb4ff1881d19b3d439b2a78960bd2f80ad2f7d64c
SERVER_HANDSHAKE_TRAFFIC_SECRET ef506b50e4f326e9db9a2d7b5838d01f85112bcd644136e124d3f8e6478d85d3 2c00a67799ed27fb443adda4e5ee624c595c5fe6bc6718c761516a36925d0b4b
CLIENT_TRAFFIC_SECRET_0 ef506b50e4f326e9db9a2d7b5838d01f85112bcd644136e124d3f8e6478d85d3 abcc134066cb773445336dab713a424b0e68c3b70b22d06de721ea6d1327a8ab
SERVER_TRAFFIC_SECRET_0 ef506b50e4f326e9db9a2d7b5838d01f85112bcd644136e124d3f8e6478d85d3 150aaa4cbad705c11520b0a4304f91d6bceeba8300a18d11e67df17bd64ac3a1
EXPORTER_SECRET ef506b50e4f326e9db9a2d7b5838d01f85112bcd644136e124d3f8e6478d85d3 2a92cc4d2ca87776972d625431c1843f2107fe05c7bf287bf21d49df377ddc6a
CLIENT_EARLY_TRAFFIC_SECRET 535d5b1a3fd9f9a9a32767149d66cd1ad5ced2d55db905a706e7a98af2f96c7e 79e0b952d5a916f6f19e2f24b2e26012467ed02e8d5aca13584224012b06c1af
CLIENT_EARLY_TRAFFIC_SECRET 6536841ad144999999022ae4b6e360a91b8d235a6018262ddd8b93d157b3ed05 6e9d6af2132c26e20c6ef711eefe6d5b4602941100ddb325850570460ebbd730
CLIENT_HANDSHAKE_TRAFFIC_SECRET 6536841ad144999999022ae4b6e360a91b8d235a6018262ddd8b93d157b3ed05 bc9c11c51ea324732a8b3565e4e8a727bf3bf352c42c5440fa8196906126c631
SERVER_HANDSHAKE_TRAFFIC_SECRET 6536841ad144999999022ae4b6e360a91b8d235a6018262ddd8b93d157b3ed05 a86ec26862b3c0f2794960f2ffb94ade3409c2c710cf82927b7d79344aea2c90
CLIENT_TRAFFIC_SECRET_0 6536841ad144999999022ae4b6e360a91b8d235a6018262ddd8b93d157b3ed05 a4f6b1c69ef2e4feafb6cc4e45283f91508e165960250b15ebeceed30bc91fcc
SERVER_TRAFFIC_SECRET_0 6536841ad144999999022ae4b6e360a91b8d235a6018262ddd8b93d157b3ed05 a71e5b47e309ba453f75f55376deaa76dff33f88901f2e358358e1a6c14a75c6
EXPORTER_SECRET 6536841ad144999999022ae4b6e360a91b8d235a6018262ddd8b93d157b3ed05 a3d38bca9f105f951e9b697a621831653cee77ed467c3df09732ee9ab00a7c47
CLIENT_HANDSHAKE_TRAFFIC_SECRET 6e77d7b06bb25ef2f32c8fc0db3cb812bcfb660f15ee1e90f2722a9c1ecd92fe cc35b0cb43ca2719003fe778f66d86d7e442a4e9559cb4ea656e56f07361e2eb
SERVER_HANDSHAKE_TRAFFIC_SECRET 6e77d7b06bb25ef2f32c8fc0db3cb812bcfb660f15ee1e90f2722a9c1ecd92fe b58f65ce6f1c57e87018ccdd94175e3ab7d1f39b8e875cc706793604cdea012d
CLIENT_TRAFFIC_SECRET_0 6e77d7b06bb25ef2f32c8fc0db3cb812bcfb660f15ee1e90f2722a9c1ecd92fe 911aea6cc80f7c47897d1d8e024ca10f7ffa407438df659866202f78e817b2e2
SERVER_TRAFFIC_SECRET_0 6e77d7b06bb25ef2f32c8fc0db3cb812bcfb660f15ee1e90f2722a9c1ecd92fe 37d651a48d9a9cd51e081f8401e5ee60edb86c435ce9ad52a57b329aa94d80bc
EXPORTER_SECRET 6e77d7b06bb25ef2f32c8fc0db3cb812bcfb660f15ee1e90f2722a9c1ecd92fe 93c4438e8a7d9daf25d8c195aec9e5af42857483a97cfc528f20ba00c10b1ad2
CLIENT_HANDSHAKE_TRAFFIC_SECRET a12e96bf98a3b23056cc31d289bbdcfca2d4d9a6c8d24719201a97a8aa5ad5b5 08d79e09f6ac64290f69c3ab28f1adda0e9a6c52367a59e4e62420784dccf93d
SERVER_HANDSHAKE_TRAFFIC_SECRET a12e96bf98a3b23056cc31d289bbdcfca2d4d9a6c8d24719201a97a8aa5ad5b5 b78914522168f3b40d9bbbb41a912cbf5db920c4b299aecc91bc0adadc14b9b2
CLIENT_TRAFFIC_SECRET_0 a12e96bf98a3b23056cc31d289bbdcfca2d4d9a6c8d24719201a97a8aa5ad5b5 c79ae8a4e22391fa736ba2161a90d8ce659d886a76ff80403d52cadc7e216279
SERVER_TRAFFIC_SECRET_0 a12e96bf98a3b23056cc31d289bbdcfca2d4d9a6c8d24719201a97a8aa5ad5b5 1430c3c333e9e52859603a2b3c39c79dcacfd6eebadf34f976be0acf8e55f716
EXPORTER_SECRET a12e96bf98a3b23056cc31d289bbdcfca2d4d9a6c8d24719201a97a8aa5ad5b5 98c622b5f733ac89700252b1b34276017890125bf2dd88d78ee71f3f16115e0d
CLIENT_EARLY_TRAFFIC_SECRET a79ecef76d3a7d10e51da084b021d6003808265787efb5e2c1f279c4702e8260 04cd20fd6df9a4732276722bdb560b6e6dec65ba0f021cc570ffe18e943f8782
CLIENT_HANDSHAKE_TRAFFIC_SECRET a79ecef76d3a7d10e51da084b021d6003808265787efb5e2c1f279c4702e8260 b313b8ddfe3737acb8c12366289d621f15a4b8069894ce1cb8c0fafc61208145
SERVER_HANDSHAKE_TRAFFIC_SECRET a79ecef76d3a7d10e51da084b021d6003808265787efb5e2c1f279c4702e8260 62ecbc43a886f87cf60a7d542eb19859d3d1a244eeb7f8a999523961c560b34f
CLIENT_TRAFFIC_SECRET_0 a79ecef76d3a7d10e51da084b021d6003808265787efb5e2c1f279c4702e8260 7d6d36c1504ba7ef19e1a7d8c4adbcf4529a62ceba5cdc690800d18851f79973
SERVER_TRAFFIC_SECRET_0 a79ecef76d3a7d10e51da084b021d6003808265787efb5e2c1f279c4702e8260 f1bf4059166dfcc14d610785f635d64820644325da67473fd386edaf6bce1f1d
EXPORTER_SECRET a79ecef76d3a7d10e51da084b021d6003808265787efb5e2c1f279c4702e8260 80f57a6ff98718fa4f1c158a0b06d2544f72ad6a1f0f70006d098342769fb92c
CLIENT_EARLY_TRAFFIC_SECRET 9edd317ac65bcacc0d99809f16b0fb378de32ca319292301ca4c49f6abef277c 11a08626a652c8f6a1d4750e3e521e30efc78a9563d4a035e0e140568dc1652f
CLIENT_HANDSHAKE_TRAFFIC_SECRET 9edd317ac65bcacc0d99809f16b0fb378de32ca319292301ca4c49f6abef277c 2c7739bde1f5ba01fd0a2cf834662960ed0085ec790ad4706bb396f908ed37fb
SERVER_HANDSHAKE_TRAFFIC_SECRET 9edd317ac65bcacc0d99809f16b0fb378de32ca319292301ca4c49f6abef277c 61996bafa3bab2e35bf19e110e90ee30bc07cc1bfd80d15bc31bfbb95d7dcf83
CLIENT_TRAFFIC_SECRET_0 9edd317ac65bcacc0d99809f16b0fb378de32ca319292301ca4c49f6abef277c 427dc624e8824ede8fdaf30c844f71b678ef50d31da91c982c2f37778c6b08d9
SERVER_TRAFFIC_SECRET_0 9edd317ac65bcacc0d99809f16b0fb378de32ca319292301ca4c49f6abef277c d557ff0efa75ed32c476d9f1112a0e503943f09645296a09b458d15e635aec12
EXPORTER_SECRET 9edd317ac65bcacc0d99809f16b0fb378de32ca319292301ca4c49f6abef277c 4ceae66f5466e82208fd7bcd0849b5bb2c00f976aa248813095218af55155d3d
CLIENT_EARLY_TRAFFIC_SECRET 34a4703871d9ac4f4fafea8147f6de446b7e352c8f3a46a282ac47b2d26aa704 b26183cc03476beb01b705ea4a000faef441fab051b5d54f19cf8ef785dcbf3e
CLIENT_EARLY_TRAFFIC_SECRET c1d0d9ceb29a69e4b1b3ab7d94bd87b6afd6854a9d225246a6001bfe465dbe94 609432012f207bac1c41830b6edc5b56ccc4519421d789d50a78d80879395cd5
CLIENT_HANDSHAKE_TRAFFIC_SECRET 2d279d020ffa0209e30f635e4164ab5b58ba71255ffbfb5ce125efe28d36b4ba 35de0d8dbc7b5b20de5dd4a4b33661bbd2887f56972acc5eadef019cf60ea8a9
SERVER_HANDSHAKE_TRAFFIC_SECRET 2d279d020ffa0209e30f635e4164ab5b58ba71255ffbfb5ce125efe28d36b4ba be1d23e4956181e2437bd7caef2466a597537c781da92bbbaa6d77be936da5a5
CLIENT_TRAFFIC_SECRET_0 2d279d020ffa0209e30f635e4164ab5b58ba71255ffbfb5ce125efe28d36b4ba 2241263cd3b9c0b138389c6d20a4af28d28d7e0e1ca9bd8a29f864ddbd21174c
SERVER_TRAFFIC_SECRET_0 2d279d020ffa0209e30f635e4164ab5b58ba71255ffbfb5ce125efe28d36b4ba c8d2411bac22aa91171b8b2f118fb8600495dc8c50dbb3bf22b0b10a25ad82ed
EXPORTER_SECRET 2d279d020ffa0209e30f635e4164ab5b58ba71255ffbfb5ce125efe28d36b4ba aa20ce471756bff06aef9ec83a990a4a46e9e4cd4c9a3ef426b9b497a6583fdc
CLIENT_HANDSHAKE_TRAFFIC_SECRET 59f8467b03891c28dfd0fb75d7b50ab12e3843fe2a4f8a84a4dff74eb2deebc2 97496f349a51119b507f756c96f8851c14c89b8b5def775cc2fc6628663fd082
SERVER_HANDSHAKE_TRAFFIC_SECRET 59f8467b03891c28dfd0fb75d7b50ab12e3843fe2a4f8a84a4dff74eb2deebc2 19ea60227748d1c76c13219a29968f91b2769b13b71874366457ef1e50907281
CLIENT_TRAFFIC_SECRET_0 59f8467b03891c28dfd0fb75d7b50ab12e3843fe2a4f8a84a4dff74eb2deebc2 0624f82ac28ead70d4760325285ae01cbf69d9f6a1fdb7da00f4f8e1b2ca9feb
SERVER_TRAFFIC_SECRET_0 59f8467b03891c28dfd0fb75d7b50ab12e3843fe2a4f8a84a4dff74eb2deebc2 19368bb931155614ef0473687bbe319db234761ae400f68d8bac98e86fffa431
EXPORTER_SECRET 59f8467b03891c28dfd0fb75d7b50ab12e3843fe2a4f8a84a4dff74eb2deebc2 7b3331ac44166e4e29f455c7e3e52ced205333e61d7e566fc0bfa083c36a5894
CLIENT_HANDSHAKE_TRAFFIC_SECRET 9b992f731d395d4499bfc61163c8b9c51c9244c0056fe50a5200f3a9b61b6313 a8d84c4f246295ffefe125e54708edea45f72f3289171b5f6a4fbfe091d7702d
SERVER_HANDSHAKE_TRAFFIC_SECRET 9b992f731d395d4499bfc61163c8b9c51c9244c0056fe50a5200f3a9b61b6313 39aa2c857cbdefc577ee6fd53cf95d070479dd271af91e69b1d208fd9cb1445e
CLIENT_TRAFFIC_SECRET_0 9b992f731d395d4499bfc61163c8b9c51c9244c0056fe50a5200f3a9b61b6313 9fc2361fa730c2daf69be935c4877e7705d99bd91c10c0cb14869846e68c2b53
SERVER_TRAFFIC_SECRET_0 9b992f731d395d4499bfc61163c8b9c51c9244c0056fe50a5200f3a9b61b6313 7fb83715db4e50938b25e57c099f0be4690896144a05286e364c217b23e3e0c3
EXPORTER_SECRET 9b992f731d395d4499bfc61163c8b9c51c9244c0056fe50a5200f3a9b61b6313 881af6f5c094052ab4b9b505a7a82eb56d21048a97eff27c2747ff6646c143af
CLIENT_HANDSHAKE_TRAFFIC_SECRET b3207f42c17b030b5060771521ed8cd6e42aad42992b85cd43c2ee2d1303e62e 5b568a3d2c939cf7e48083277217a8cc60e32b58ddfd21eb5770441b37ad99d9
SERVER_HANDSHAKE_TRAFFIC_SECRET b3207f42c17b030b5060771521ed8cd6e42aad42992b85cd43c2ee2d1303e62e eca8d11d2bc602e7c41ceb4957bf7d8df3fbd4c58d84da4e563f8ad70e477aa7
CLIENT_TRAFFIC_SECRET_0 b3207f42c17b030b5060771521ed8cd6e42aad42992b85cd43c2ee2d1303e62e 8a6e5723070df5788502a40ef10ae112ae4b69f262e1ab9546cca5d94b697af1
SERVER_TRAFFIC_SECRET_0 b3207f42c17b030b5060771521ed8cd6e42aad42992b85cd43c2ee2d1303e62e 139eb2f02a8de0654365546ea155666debbd0c55443d7247dc98fea923eddc58
EXPORTER_SECRET b3207f42c17b030b5060771521ed8cd6e42aad42992b85cd43c2ee2d1303e62e 5c121e7ce4fa2a98fd3112ffa12176632b65f412dde72c89c3371c49bf1918f2
CLIENT_HANDSHAKE_TRAFFIC_SECRET a7aaedc923ecacb267675e5125dd962f8d89b6f67c6fc905e7cae0febe006110 41605bb16ddc8e61733499444ddbec6298bb18ac40dd4e6e137ec0f982753623
SERVER_HANDSHAKE_TRAFFIC_SECRET a7aaedc923ecacb267675e5125dd962f8d89b6f67c6fc905e7cae0febe006110 30cd35f62017ef8d8595ccd0055fe83b5bf91ff80779214ae459de02e55584a3
CLIENT_HANDSHAKE_TRAFFIC_SECRET 2b6503a5280e2dd46fc62867548730e23f2e880003650878e038f25e81afa7bb f00b305f7cd5ae787fd7794064634dfb6bcac2ec0e7eb8c2119420f155be9bad
SERVER_HANDSHAKE_TRAFFIC_SECRET 2b6503a5280e2dd46fc62867548730e23f2e880003650878e038f25e81afa7bb 3dee5aebba069937f117969d7dadec96924d2c8569e1aeed288f6434325876a3
CLIENT_TRAFFIC_SECRET_0 a7aaedc923ecacb267675e5125dd962f8d89b6f67c6fc905e7cae0febe006110 359e88b613c39ea2d41ade94131dfcefa080fd5ec99e1c684b16e7d8737b6fd4
SERVER_TRAFFIC_SECRET_0 a7aaedc923ecacb267675e5125dd962f8d89b6f67c6fc905e7cae0febe006110 582acbe852ff369206fd7765c40046a372f0c40c6ada92d9969463bd0229ee0a
EXPORTER_SECRET a7aaedc923ecacb267675e5125dd962f8d89b6f67c6fc905e7cae0febe006110 194c5ed6e2e91467e696b9868cebd433ab41e6fb63fe1d08a17b2411e8310d27
CLIENT_TRAFFIC_SECRET_0 2b6503a5280e2dd46fc62867548730e23f2e880003650878e038f25e81afa7bb 077c13dd786620b1bdd281deee080c3a1187e3a4890a4fd00e0c7994af5285f5
SERVER_TRAFFIC_SECRET_0 2b6503a5280e2dd46fc62867548730e23f2e880003650878e038f25e81afa7bb 20677f9379bc800fefd7886d4c5e0d583780a56b69473037f19689c17fc4e743
EXPORTER_SECRET 2b6503a5280e2dd46fc62867548730e23f2e880003650878e038f25e81afa7bb 325e1ac72f10e0641f94332774e55efef3c4c41bd19ec9d19608de14c46626c0
